[debug] [2018-09-09T03:43:24.813Z] ----------------------------------------------------------------------
[debug] [2018-09-09T03:43:24.815Z] Command:       C:\Program Files\nodejs\node.exe C:\Users\CRODRIGUEZ\AppData\Roaming\npm\node_modules\firebase-tools\bin\firebase serve
[debug] [2018-09-09T03:43:24.816Z] CLI Version:   4.2.1
[debug] [2018-09-09T03:43:24.816Z] Platform:      win32
[debug] [2018-09-09T03:43:24.816Z] Node Version:  v8.11.4
[debug] [2018-09-09T03:43:24.816Z] Time:          Sat Sep 08 2018 22:43:24 GMT-0500 (Hora est. Pacífico, Sudamérica)
[debug] [2018-09-09T03:43:24.816Z] ----------------------------------------------------------------------
[debug] 
[debug] [2018-09-09T03:43:24.828Z] > command requires scopes: ["email","openid","https://www.googleapis.com/auth/cloudplatformprojects.readonly","https://www.googleapis.com/auth/firebase","https://www.googleapis.com/auth/cloud-platform"]
[debug] [2018-09-09T03:43:24.829Z] > authorizing via signed-in user
[debug] [2018-09-09T03:43:24.831Z] >>> HTTP REQUEST GET https://admin.firebase.com/v1/projects/parqueaderouccali-8a09c  
 
[debug] [2018-09-09T03:43:25.873Z] <<< HTTP RESPONSE 200
[debug] [2018-09-09T03:43:25.876Z] >>> HTTP REQUEST GET https://cloudresourcemanager.googleapis.com/v1/projects/parqueaderouccali-8a09c  
 
[debug] [2018-09-09T03:43:26.742Z] <<< HTTP RESPONSE 200
[info] 
[info] === Serving from 'E:\TESIS\parqueadero_ucc'...
[info] 
[debug] [2018-09-09T03:43:26.754Z] >>> HTTP REQUEST GET https://mobilesdk-pa.googleapis.com/v1/projects/811609179419/clients/_:getWebAppConfig  
 
[debug] [2018-09-09T03:43:27.471Z] <<< HTTP RESPONSE 200
[info] i  hosting[parqueaderouccali-8a09c]: Serving hosting files from: public
[info] +  hosting[parqueaderouccali-8a09c]: Local server: http://localhost:5000
[info] Shutting down...
[debug] [2018-09-09T18:56:50.930Z] ----------------------------------------------------------------------
[debug] [2018-09-09T18:56:50.933Z] Command:       C:\Program Files\nodejs\node.exe C:\Users\CRODRIGUEZ\AppData\Roaming\npm\node_modules\firebase-tools\bin\firebase serve
[debug] [2018-09-09T18:56:50.933Z] CLI Version:   4.2.1
[debug] [2018-09-09T18:56:50.933Z] Platform:      win32
[debug] [2018-09-09T18:56:50.933Z] Node Version:  v8.11.4
[debug] [2018-09-09T18:56:50.934Z] Time:          Sun Sep 09 2018 13:56:50 GMT-0500 (Hora est. Pacífico, Sudamérica)
[debug] [2018-09-09T18:56:50.934Z] ----------------------------------------------------------------------
[debug] 
[debug] [2018-09-09T18:56:50.953Z] > command requires scopes: ["email","openid","https://www.googleapis.com/auth/cloudplatformprojects.readonly","https://www.googleapis.com/auth/firebase","https://www.googleapis.com/auth/cloud-platform"]
[debug] [2018-09-09T18:56:50.954Z] > authorizing via signed-in user
[debug] [2018-09-09T18:56:50.957Z] > refreshing access token with scopes: ["email","https://www.googleapis.com/auth/cloud-platform","https://www.googleapis.com/auth/cloudplatformprojects.readonly","https://www.googleapis.com/auth/firebase","openid"]
[debug] [2018-09-09T18:56:50.958Z] >>> HTTP REQUEST POST https://www.googleapis.com/oauth2/v3/token  

[debug] [2018-09-09T18:56:51.557Z] <<< HTTP RESPONSE 200
[debug] [2018-09-09T18:56:51.563Z] >>> HTTP REQUEST GET https://admin.firebase.com/v1/projects/parqueaderouccali-8a09c  
 
[debug] [2018-09-09T18:56:52.531Z] <<< HTTP RESPONSE 200
[debug] [2018-09-09T18:56:52.535Z] >>> HTTP REQUEST GET https://cloudresourcemanager.googleapis.com/v1/projects/parqueaderouccali-8a09c  
 
[debug] [2018-09-09T18:56:53.348Z] <<< HTTP RESPONSE 200
[info] 
[info] === Serving from 'D:\TESIS\parqueadero_ucc'...
[info] 
[debug] [2018-09-09T18:56:53.352Z] >>> HTTP REQUEST GET https://mobilesdk-pa.googleapis.com/v1/projects/811609179419/clients/_:getWebAppConfig  
 
[debug] [2018-09-09T18:56:54.076Z] <<< HTTP RESPONSE 200
[info] i  hosting[parqueaderouccali-8a09c]: Serving hosting files from: public
[info] +  hosting[parqueaderouccali-8a09c]: Local server: http://localhost:5000
